<?xml version="1.0" encoding="UTF-8"?>
<!-- Generated by org.testng.reporters.JUnitReportReporter -->
<testsuite hostname="TYSS-Tanuja-N-Sonawale" failures="0" tests="1" name="selenium_TP.Spotify" time="19.894" errors="0" timestamp="2024-09-24T16:09:08 IST" skipped="0">
  <testcase classname="selenium_TP.Spotify" name="searchSong" time="19.894"/>
  <system-out/>
</testsuite> <!-- selenium_TP.Spotify -->
