<?xml version="1.0" encoding="UTF-8"?>
<!-- Generated by org.testng.reporters.JUnitReportReporter -->
<testsuite hostname="TYSS-Tanuja-N-Sonawale" failures="0" tests="2" name="seleniumTask.TestScriptListenerImplementation2" time="7.094" errors="0" timestamp="2024-12-04T17:27:35 IST" skipped="0">
  <testcase classname="seleniumTask.TestScriptListenerImplementation2" name="show" time="0.003"/>
  <system-out/>
  <testcase classname="seleniumTask.TestScriptListenerImplementation2" name="display" time="7.091"/>
  <system-out/>
</testsuite> <!-- seleniumTask.TestScriptListenerImplementation2 -->
