<?xml version="1.0" encoding="UTF-8"?>
<!-- Generated by org.testng.reporters.JUnitReportReporter -->
<testsuite hostname="TYSS-Tanuja-N-Sonawale" failures="0" tests="2" name="seleniumTask.ParallelTest_Amazon" time="12.716" errors="0" timestamp="2024-09-03T18:14:11 IST" skipped="0">
  <testcase classname="seleniumTask.ParallelTest_Amazon" name="parallelCBtest" time="5.209"/>
  <system-out/>
  <testcase classname="seleniumTask.ParallelTest_Amazon" name="parallelCBtest" time="7.507"/>
  <system-out/>
</testsuite> <!-- seleniumTask.ParallelTest_Amazon -->
