<?xml version="1.0" encoding="UTF-8"?>
<!-- Generated by org.testng.reporters.JUnitReportReporter -->
<testsuite hostname="DESKTOP-7I80P5L" failures="0" tests="4" name="TestNgFeature.SimplePgm" time="0.042" errors="0" timestamp="2024-05-13T09:55:27 IST" skipped="0">
  <testcase classname="TestNgFeature.SimplePgm" name="display" time="0.009"/>
  <system-out/>
  <testcase classname="TestNgFeature.SimplePgm" name="login" time="0.013"/>
  <system-out/>
  <testcase classname="TestNgFeature.SimplePgm" name="register" time="0.003"/>
  <system-out/>
  <testcase classname="TestNgFeature.SimplePgm" name="show" time="0.017"/>
  <system-out/>
</testsuite> <!-- TestNgFeature.SimplePgm -->
