<?xml version="1.0" encoding="UTF-8"?>
<!-- Generated by org.testng.reporters.JUnitReportReporter -->
<testsuite hostname="TYSS-Tanuja-N-Sonawale" failures="0" tests="1" name="selenium_TP.C" time="0.003" errors="0" timestamp="2024-10-18T17:53:55 IST" skipped="0">
  <testcase classname="selenium_TP.C" name="view" time="0.003"/>
  <system-out/>
</testsuite> <!-- selenium_TP.C -->
