<?xml version="1.0" encoding="UTF-8"?>
<!-- Generated by org.testng.reporters.JUnitReportReporter -->
<testsuite hostname="TYSS-Tanuja-N-Sonawale" failures="0" tests="2" name="TestNgFeature.Working_With_Groups01" time="0.012" errors="0" timestamp="2024-08-23T17:40:45 IST" skipped="0">
  <testcase classname="TestNgFeature.Working_With_Groups01" name="logOut" time="0.010"/>
  <system-out/>
  <testcase classname="TestNgFeature.Working_With_Groups01" name="register" time="0.002"/>
  <system-out/>
</testsuite> <!-- TestNgFeature.Working_With_Groups01 -->
