<?xml version="1.0" encoding="UTF-8"?>
<!-- Generated by org.testng.reporters.JUnitReportReporter -->
<testsuite hostname="DESKTOP-7I80P5L" failures="0" tests="1" name="testNgTestcases.TC01" time="7.321" errors="0" timestamp="2024-05-13T10:39:15 IST" skipped="0">
  <testcase classname="testNgTestcases.TC01" name="searchProduct" time="7.321"/>
  <system-out/>
</testsuite> <!-- testNgTestcases.TC01 -->
