<?xml version="1.0" encoding="UTF-8"?>
<!-- Generated by org.testng.reporters.JUnitReportReporter -->
<testsuite hostname="TYSS-Tanuja-N-Sonawale" failures="0" tests="3" name="TestNgFeature.DataProviderClassUser" time="132.952" errors="0" timestamp="2024-10-18T16:16:42 IST" skipped="0">
  <testcase classname="TestNgFeature.DataProviderClassUser" name="workking" time="41.543"/>
  <system-out/>
  <testcase classname="TestNgFeature.DataProviderClassUser" name="workking" time="43.592"/>
  <system-out/>
  <testcase classname="TestNgFeature.DataProviderClassUser" name="workking" time="47.817"/>
  <system-out/>
</testsuite> <!-- TestNgFeature.DataProviderClassUser -->
