<?xml version="1.0" encoding="UTF-8"?>
<!-- Generated by org.testng.reporters.JUnitReportReporter -->
<testsuite hostname="TYSS-Tanuja-N-Sonawale" failures="0" tests="3" name="selenium_TP.A" time="0.013" errors="0" timestamp="2024-10-18T17:53:55 IST" skipped="0">
  <testcase classname="selenium_TP.A" name="display2" time="0.004"/>
  <system-out/>
  <testcase classname="selenium_TP.A" name="display1" time="0.004"/>
  <system-out/>
  <testcase classname="selenium_TP.A" name="display" time="0.005"/>
  <system-out/>
</testsuite> <!-- selenium_TP.A -->
