<?xml version="1.0" encoding="UTF-8"?>
<!-- Generated by org.testng.reporters.JUnitReportReporter -->
<testsuite hostname="TYSS-Tanuja-N-Sonawale" failures="0" tests="1" name="SeleniumMock.AddProductToCartTest" time="21.013" errors="0" timestamp="2024-11-18T19:33:18 IST" skipped="0">
  <testcase classname="SeleniumMock.AddProductToCartTest" name="addToCart" time="21.013"/>
  <system-out/>
</testsuite> <!-- SeleniumMock.AddProductToCartTest -->
