<?xml version="1.0" encoding="UTF-8"?>
<!-- Generated by org.testng.reporters.JUnitReportReporter -->
<testsuite hostname="DESKTOP-7I80P5L" failures="0" tests="1" name="TestNgFeature.Working_With_DataProvider" time="55.568" errors="0" timestamp="2024-07-15T15:25:16 IST" skipped="0">
  <testcase classname="TestNgFeature.Working_With_DataProvider" name="login" time="55.568"/>
  <system-out/>
</testsuite> <!-- TestNgFeature.Working_With_DataProvider -->
