<?xml version="1.0" encoding="UTF-8"?>
<!-- Generated by org.testng.reporters.JUnitReportReporter -->
<testsuite hostname="TYSS-Tanuja-N-Sonawale" failures="0" tests="1" name="TestNgFeature.Working_With_Parameters" time="0.031" errors="0" timestamp="2024-10-22T17:32:55 IST" skipped="0">
  <testcase classname="TestNgFeature.Working_With_Parameters" name="login" time="0.031"/>
  <system-out/>
</testsuite> <!-- TestNgFeature.Working_With_Parameters -->
