<?xml version="1.0" encoding="UTF-8"?>
<!-- Generated by org.testng.reporters.JUnitReportReporter -->
<testsuite hostname="DESKTOP-7I80P5L" failures="0" tests="1" name="TestNgFeature.Working_With_Groups02" time="0.008" errors="0" timestamp="2024-05-13T11:02:49 IST" skipped="0">
  <testcase classname="TestNgFeature.Working_With_Groups02" name="addToCart" time="0.008"/>
  <system-out/>
</testsuite> <!-- TestNgFeature.Working_With_Groups02 -->
