<?xml version="1.0" encoding="UTF-8"?>
<!-- Generated by org.testng.reporters.JUnitReportReporter -->
<testsuite hostname="TYSS-Tanuja-N-Sonawale" failures="0" tests="2" name="TestNgFeature.Class_For_FactoryAnnotation" time="20.060" errors="0" timestamp="2024-10-17T12:09:54 IST" skipped="0">
  <testcase classname="TestNgFeature.Class_For_FactoryAnnotation" name="display1" time="13.122"/>
  <system-out/>
  <testcase classname="TestNgFeature.Class_For_FactoryAnnotation" name="display" time="6.938"/>
  <system-out/>
</testsuite> <!-- TestNgFeature.Class_For_FactoryAnnotation -->
