<?xml version="1.0" encoding="UTF-8"?>
<!-- Generated by org.testng.reporters.JUnitReportReporter -->
<testsuite hostname="TYSS-Tanuja-N-Sonawale" failures="0" tests="2" name="testNgTestcases.Login_GotoCart" time="20.769" errors="0" timestamp="2024-10-21T18:05:38 IST" skipped="0">
  <testcase classname="testNgTestcases.Login_GotoCart" name="loginViewCart" time="10.447"/>
  <system-out/>
  <testcase classname="testNgTestcases.Login_GotoCart" name="loginViewCart" time="10.322"/>
  <system-out/>
</testsuite> <!-- testNgTestcases.Login_GotoCart -->
