<?xml version="1.0" encoding="UTF-8"?>
<!-- Generated by org.testng.reporters.JUnitReportReporter -->
<testsuite hostname="TYSS-Tanuja-N-Sonawale" failures="0" tests="2" name="seleniumTask.TestScriptListenerImplementation2" time="0.021" errors="0" timestamp="2024-09-07T22:24:52 IST" skipped="0">
  <testcase classname="seleniumTask.TestScriptListenerImplementation2" name="display" time="0.019"/>
  <system-out/>
  <testcase classname="seleniumTask.TestScriptListenerImplementation2" name="show" time="0.002"/>
  <system-out/>
</testsuite> <!-- seleniumTask.TestScriptListenerImplementation2 -->
