<?xml version="1.0" encoding="UTF-8"?>
<!-- Generated by org.testng.reporters.JUnitReportReporter -->
<testsuite hostname="TYSS-Tanuja-N-Sonawale" failures="0" tests="3" name="seleniumTask.TestScriptListenerImplementation" time="0.012" errors="0" timestamp="2024-09-09T10:39:43 IST" skipped="0">
  <testcase classname="seleniumTask.TestScriptListenerImplementation" name="testCaseTest2" time="0.001"/>
  <system-out/>
  <testcase classname="seleniumTask.TestScriptListenerImplementation" name="testCaseTest1" time="0.008"/>
  <system-out/>
  <testcase classname="seleniumTask.TestScriptListenerImplementation" name="testCaseTest3" time="0.003"/>
  <system-out/>
</testsuite> <!-- seleniumTask.TestScriptListenerImplementation -->
