<?xml version="1.0" encoding="UTF-8"?>
<!-- Generated by org.testng.reporters.JUnitReportReporter -->
<testsuite hostname="TYSS-Tanuja-N-Sonawale" failures="0" tests="1" name="SeleniumMock.Meesho_Test" time="8.431" errors="0" timestamp="2024-11-20T13:08:23 IST" skipped="0">
  <testcase classname="SeleniumMock.Meesho_Test" name="addToCart" time="8.431"/>
  <system-out/>
</testsuite> <!-- SeleniumMock.Meesho_Test -->
