<?xml version="1.0" encoding="UTF-8"?>
<!-- Generated by org.testng.reporters.JUnitReportReporter -->
<testsuite hostname="TYSS-Tanuja-N-Sonawale" failures="0" tests="1" name="Candidate_Task.HardAssert" time="22.337" errors="0" timestamp="2024-09-05T15:18:31 IST" skipped="0">
  <testcase classname="Candidate_Task.HardAssert" name="buyProduct" time="22.337"/>
  <system-out/>
</testsuite> <!-- Candidate_Task.HardAssert -->
