<?xml version="1.0" encoding="UTF-8"?>
<!-- Generated by org.testng.reporters.JUnitReportReporter -->
<testsuite hostname="TYSS-Tanuja-N-Sonawale" failures="0" tests="3" name="seleniumTask.TestScriptListenerImplementation" time="0.036" errors="0" timestamp="2024-10-24T10:10:47 IST" skipped="0">
  <testcase classname="seleniumTask.TestScriptListenerImplementation" name="testCaseTest1" time="0.024"/>
  <system-out/>
  <testcase classname="seleniumTask.TestScriptListenerImplementation" name="testCaseTest3" time="0.005"/>
  <system-out/>
  <testcase classname="seleniumTask.TestScriptListenerImplementation" name="testCaseTest2" time="0.007"/>
  <system-out/>
</testsuite> <!-- seleniumTask.TestScriptListenerImplementation -->
