<?xml version="1.0" encoding="UTF-8"?>
<!-- Generated by org.testng.reporters.JUnitReportReporter -->
<testsuite hostname="TYSS-Tanuja-N-Sonawale" failures="0" tests="3" name="seleniumTask.TestScriptListenerImplementation" time="0.031" errors="0" timestamp="2024-08-06T15:54:35 IST" skipped="0">
  <testcase classname="seleniumTask.TestScriptListenerImplementation" name="testCaseTest2" time="0.004"/>
  <system-out/>
  <testcase classname="seleniumTask.TestScriptListenerImplementation" name="testCaseTest1" time="0.022"/>
  <system-out/>
  <testcase classname="seleniumTask.TestScriptListenerImplementation" name="testCaseTest3" time="0.005"/>
  <system-out/>
</testsuite> <!-- seleniumTask.TestScriptListenerImplementation -->
