<?xml version="1.0" encoding="UTF-8"?>
<!-- Generated by org.testng.reporters.JUnitReportReporter -->
<testsuite hostname="TYSS-Tanuja-N-Sonawale" failures="0" tests="1" name="selenium_TP.ICCTables" time="12.620" errors="0" timestamp="2024-11-25T15:36:00 IST" skipped="0">
  <testcase classname="selenium_TP.ICCTables" name="teams" time="12.620"/>
  <system-out/>
</testsuite> <!-- selenium_TP.ICCTables -->
