<?xml version="1.0" encoding="UTF-8"?>
<!-- Generated by org.testng.reporters.JUnitReportReporter -->
<testsuite hostname="TYSS-Tanuja-N-Sonawale" failures="0" tests="2" name="testNgTestcases.VotingTest" time="11.710" errors="0" timestamp="2024-10-21T18:05:38 IST" skipped="0">
  <testcase classname="testNgTestcases.VotingTest" name="vote" time="5.594"/>
  <system-out>
    <![CDATA[TestURL launched
Selected a voting
Voting test case executed successfully]]>
  </system-out>
  <testcase classname="testNgTestcases.VotingTest" name="vote" time="6.116"/>
  <system-out>
    <![CDATA[TestURL launched
Selected a voting
Voting test case executed successfully]]>
  </system-out>
</testsuite> <!-- testNgTestcases.VotingTest -->
