<?xml version="1.0" encoding="UTF-8"?>
<!-- Generated by org.testng.reporters.JUnitReportReporter -->
<testsuite hostname="TYSS-Tanuja-N-Sonawale" failures="0" tests="2" name="testNgTestcases.GotoWishList" time="13.957" errors="0" timestamp="2024-11-26T10:39:01 IST" skipped="1">
  <testcase classname="testNgTestcases.GotoWishList" name="goingToWishlist" time="0.000">
    <skipped/>
  </testcase> <!-- goingToWishlist -->
  <system-out/>
  <testcase classname="testNgTestcases.GotoWishList" name="goingToWishlist" time="13.957"/>
  <system-out/>
</testsuite> <!-- testNgTestcases.GotoWishList -->
