<?xml version="1.0" encoding="UTF-8"?>
<!-- Generated by org.testng.reporters.JUnitReportReporter -->
<testsuite hostname="DESKTOP-7I80P5L" failures="0" tests="4" name="TestNgFeature.Working_With_Parameteraization" time="0.023" errors="0" timestamp="2024-05-13T14:33:07 IST" skipped="0">
  <testcase classname="TestNgFeature.Working_With_Parameteraization" name="add" time="0.011"/>
  <system-out/>
  <testcase classname="TestNgFeature.Working_With_Parameteraization" name="div" time="0.004"/>
  <system-out/>
  <testcase classname="TestNgFeature.Working_With_Parameteraization" name="mul" time="0.003"/>
  <system-out/>
  <testcase classname="TestNgFeature.Working_With_Parameteraization" name="sub" time="0.005"/>
  <system-out/>
</testsuite> <!-- TestNgFeature.Working_With_Parameteraization -->
