<?xml version="1.0" encoding="UTF-8"?>
<!-- Generated by org.testng.reporters.JUnitReportReporter -->
<testsuite hostname="TYSS-Tanuja-N-Sonawale" failures="0" tests="2" name="selenium_TP.B" time="0.024" errors="0" timestamp="2024-10-18T17:53:55 IST" skipped="0">
  <testcase classname="selenium_TP.B" name="show1" time="0.007"/>
  <system-out/>
  <testcase classname="selenium_TP.B" name="show" time="0.017"/>
  <system-out/>
</testsuite> <!-- selenium_TP.B -->
