<?xml version="1.0" encoding="UTF-8"?>
<!-- Generated by org.testng.reporters.JUnitReportReporter -->
<testsuite hostname="DESKTOP-7I80P5L" failures="0" tests="3" name="TestNgFeature.Working_With_Include_Exclude" time="0.021" errors="0" timestamp="2024-05-13T12:22:24 IST" skipped="0">
  <testcase classname="TestNgFeature.Working_With_Include_Exclude" name="wishlistTest" time="0.005"/>
  <system-out/>
  <testcase classname="TestNgFeature.Working_With_Include_Exclude" name="addToCartTest" time="0.014"/>
  <system-out/>
  <testcase classname="TestNgFeature.Working_With_Include_Exclude" name="registerTest" time="0.002"/>
  <system-out/>
</testsuite> <!-- TestNgFeature.Working_With_Include_Exclude -->
