<?xml version="1.0" encoding="UTF-8"?>
<!-- Generated by org.testng.reporters.JUnitReportReporter -->
<testsuite hostname="TYSS-Tanuja-N-Sonawale" failures="0" tests="1" name="testNgTestcases.TC01" time="3.421" errors="0" timestamp="2024-09-12T17:46:19 IST" skipped="0">
  <testcase classname="testNgTestcases.TC01" name="searchProduct" time="3.421"/>
  <system-out/>
</testsuite> <!-- testNgTestcases.TC01 -->
