<?xml version="1.0" encoding="UTF-8"?>
<!-- Generated by org.testng.reporters.JUnitReportReporter -->
<testsuite hostname="DESKTOP-7I80P5L" failures="0" tests="1" name="TestNgFeature.Working_With_Groups01" time="0.014" errors="0" timestamp="2024-05-13T11:02:49 IST" skipped="0">
  <testcase classname="TestNgFeature.Working_With_Groups01" name="logIn" time="0.014"/>
  <system-out/>
</testsuite> <!-- TestNgFeature.Working_With_Groups01 -->
