<?xml version="1.0" encoding="UTF-8"?>
<!-- Generated by org.testng.reporters.JUnitReportReporter -->
<testsuite hostname="TYSS-Tanuja-N-Sonawale" failures="0" tests="1" name="seleniumScripts.Working_With_ReadingDataFromXMLFile" time="11.942" errors="0" timestamp="2024-12-06T15:54:07 IST" skipped="0">
  <testcase classname="seleniumScripts.Working_With_ReadingDataFromXMLFile" name="readData" time="11.942"/>
  <system-out/>
</testsuite> <!-- seleniumScripts.Working_With_ReadingDataFromXMLFile -->
