<?xml version="1.0" encoding="UTF-8"?>
<!-- Generated by org.testng.reporters.JUnitReportReporter -->
<testsuite hostname="TYSS-Tanuja-N-Sonawale" failures="0" tests="1" name="selenium_TP.FileUpload" time="6.335" errors="0" timestamp="2024-11-28T15:11:12 IST" skipped="0">
  <testcase classname="selenium_TP.FileUpload" name="show" time="6.335"/>
  <system-out/>
</testsuite> <!-- selenium_TP.FileUpload -->
