<?xml version="1.0" encoding="UTF-8"?>
<!-- Generated by org.testng.reporters.JUnitReportReporter -->
<testsuite hostname="TYSS-Tanuja-N-Sonawale" failures="0" tests="3" name="seleniumTask.TestScriptListenerImplementation" time="0.022" errors="0" timestamp="2024-10-25T12:51:14 IST" skipped="0">
  <testcase classname="seleniumTask.TestScriptListenerImplementation" name="testCaseTest3" time="0.002"/>
  <system-out/>
  <testcase classname="seleniumTask.TestScriptListenerImplementation" name="testCaseTest2" time="0.003"/>
  <system-out/>
  <testcase classname="seleniumTask.TestScriptListenerImplementation" name="testCaseTest1" time="0.017"/>
  <system-out/>
</testsuite> <!-- seleniumTask.TestScriptListenerImplementation -->
