<?xml version="1.0" encoding="UTF-8"?>
<!-- Generated by org.testng.reporters.JUnitReportReporter -->
<testsuite hostname="TYSS-Tanuja-N-Sonawale" failures="0" tests="1" name="selenium_TP.Spotify" time="14.967" errors="0" timestamp="2024-09-12T14:53:39 IST" skipped="0">
  <testcase classname="selenium_TP.Spotify" name="searchSong" time="14.967"/>
  <system-out/>
</testsuite> <!-- selenium_TP.Spotify -->
