<?xml version="1.0" encoding="UTF-8"?>
<!-- Generated by org.testng.reporters.JUnitReportReporter -->
<testsuite hostname="TYSS-Tanuja-N-Sonawale" failures="0" tests="2" name="testNgTestcases.GotoWishList" time="17.710" errors="0" timestamp="2024-09-12T17:45:59 IST" skipped="1">
  <testcase classname="testNgTestcases.GotoWishList" name="goingToWishlist" time="17.710"/>
  <system-out/>
  <testcase classname="testNgTestcases.GotoWishList" name="goingToWishlist" time="0.000">
    <skipped/>
  </testcase> <!-- goingToWishlist -->
  <system-out/>
</testsuite> <!-- testNgTestcases.GotoWishList -->
