<?xml version="1.0" encoding="UTF-8"?>
<!-- Generated by org.testng.reporters.JUnitReportReporter -->
<testsuite hostname="TYSS-Tanuja-N-Sonawale" failures="0" tests="2" name="seleniumTask.TestScriptListenerImplementation2" time="0.024" errors="0" timestamp="2024-10-24T10:46:14 IST" skipped="0">
  <testcase classname="seleniumTask.TestScriptListenerImplementation2" name="show" time="0.004"/>
  <system-out/>
  <testcase classname="seleniumTask.TestScriptListenerImplementation2" name="display" time="0.020"/>
  <system-out/>
</testsuite> <!-- seleniumTask.TestScriptListenerImplementation2 -->
