<?xml version="1.0" encoding="UTF-8"?>
<!-- Generated by org.testng.reporters.JUnitReportReporter -->
<testsuite hostname="DESKTOP-7I80P5L" failures="0" tests="1" name="TestNgFeature.Working_With_Assertion" time="68.687" errors="0" timestamp="2024-05-13T15:58:17 IST" skipped="0">
  <testcase classname="TestNgFeature.Working_With_Assertion" name="login" time="68.687"/>
  <system-out/>
</testsuite> <!-- TestNgFeature.Working_With_Assertion -->
