<?xml version="1.0" encoding="UTF-8"?>
<!-- Generated by org.testng.reporters.JUnitReportReporter -->
<testsuite hostname="TYSS-Tanuja-N-Sonawale" failures="0" tests="1" name="TestNgFeature.Class_For_FactoryAnnotation1" time="4.121" errors="0" timestamp="2024-10-17T12:09:54 IST" skipped="0">
  <testcase classname="TestNgFeature.Class_For_FactoryAnnotation1" name="method" time="4.121"/>
  <system-out/>
</testsuite> <!-- TestNgFeature.Class_For_FactoryAnnotation1 -->
