<?xml version="1.0" encoding="UTF-8"?>
<!-- Generated by org.testng.reporters.JUnitReportReporter -->
<testsuite hostname="TYSS-Tanuja-N-Sonawale" failures="0" tests="1" name="seleniumScripts.BrowserIncognito" time="6.174" errors="0" timestamp="2024-11-29T11:06:00 IST" skipped="0">
  <testcase classname="seleniumScripts.BrowserIncognito" name="launchBrowser" time="6.174"/>
  <system-out/>
</testsuite> <!-- seleniumScripts.BrowserIncognito -->
