<?xml version="1.0" encoding="UTF-8"?>
<!-- Generated by org.testng.reporters.JUnitReportReporter -->
<testsuite hostname="TYSS-Tanuja-N-Sonawale" failures="0" tests="1" name="selenium_TP.FileUpload" time="6.848" errors="0" timestamp="2024-11-22T17:29:14 IST" skipped="0">
  <testcase classname="selenium_TP.FileUpload" name="show" time="6.848"/>
  <system-out/>
</testsuite> <!-- selenium_TP.FileUpload -->
